# Logfile created on Mon Nov 29 20:32:12 -0500 2010 by logger.rb/22285
Could not save file /Users/sween/Desktop/DICOM/PELVIX/Bassin Bassin (Adulte)/Bassin  2.0mm std - 2/IM-0001-0225.dcm to database; Error: String not valid UTF-8
Could not save file /Users/sween/Desktop/DICOM/PELVIX/Bassin Bassin (Adulte)/Bassin  2.0mm std - 2/IM-0001-0224.dcm to database; Error: String not valid UTF-8
Could not save file /Users/sween/Desktop/DICOM/PELVIX/Bassin Bassin (Adulte)/Bassin  2.0mm std - 2/IM-0001-0223.dcm to database; Error: String not valid UTF-8
Could not save file /Users/sween/Desktop/DICOM/PELVIX/Bassin Bassin (Adulte)/Bassin  2.0mm std - 2/IM-0001-0222.dcm to database; Error: String not valid UTF-8
Could not save file /Users/sween/Desktop/DICOM/PELVIX/Bassin Bassin (Adulte)/Bassin  2.0mm std - 2/IM-0001-0221.dcm to database; Error: String not valid UTF-8
Could not save file /Users/sween/Desktop/DICOM/PELVIX/Bassin Bassin (Adulte)/Bassin  2.0mm std - 2/IM-0001-0220.dcm to database; Error: String not valid UTF-8
Could not save file /Users/sween/Desktop/DICOM/PELVIX/Bassin Bassin (Adulte)/Bassin  2.0mm std - 2/IM-0001-0219.dcm to database; Error: String not valid UTF-8
Could not save file /Users/sween/Desktop/DICOM/PELVIX/Bassin Bassin (Adulte)/Bassin  2.0mm std - 2/IM-0001-0218.dcm to database; Error: String not valid UTF-8
Could not save file /Users/sween/Desktop/DICOM/PELVIX/Bassin Bassin (Adulte)/Bassin  2.0mm std - 2/IM-0001-0217.dcm to database; Error: String not valid UTF-8
Could not save file /Users/sween/Desktop/DICOM/PELVIX/Bassin Bassin (Adulte)/Bassin  2.0mm std - 2/IM-0001-0216.dcm to database; Error: String not valid UTF-8
Could not save file /Users/sween/Desktop/DICOM/PELVIX/Bassin Bassin (Adulte)/Bassin  2.0mm std - 2/IM-0001-0215.dcm to database; Error: String not valid UTF-8
Could not save file /Users/sween/Desktop/DICOM/PELVIX/Bassin Bassin (Adulte)/Bassin  2.0mm std - 2/IM-0001-0214.dcm to database; Error: String not valid UTF-8
Could not save file /Users/sween/Desktop/DICOM/PELVIX/Bassin Bassin (Adulte)/Bassin  2.0mm std - 2/IM-0001-0213.dcm to database; Error: String not valid UTF-8
Could not save file /Users/sween/Desktop/DICOM/PELVIX/Bassin Bassin (Adulte)/Bassin  2.0mm std - 2/IM-0001-0212.dcm to database; Error: String not valid UTF-8
Could not save file /Users/sween/Desktop/DICOM/PELVIX/Bassin Bassin (Adulte)/Bassin  2.0mm std - 2/IM-0001-0211.dcm to database; Error: String not valid UTF-8
Could not save file /Users/sween/Desktop/DICOM/PELVIX/Bassin Bassin (Adulte)/Bassin  2.0mm std - 2/IM-0001-0210.dcm to database; Error: String not valid UTF-8
Could not save file /Users/sween/Desktop/DICOM/PELVIX/Bassin Bassin (Adulte)/Bassin  2.0mm std - 2/IM-0001-0209.dcm to database; Error: String not valid UTF-8
Could not save file /Users/sween/Desktop/DICOM/PELVIX/Bassin Bassin (Adulte)/Bassin  2.0mm std - 2/IM-0001-0208.dcm to database; Error: String not valid UTF-8
Could not save file /Users/sween/Desktop/DICOM/PELVIX/Bassin Bassin (Adulte)/Bassin  2.0mm std - 2/IM-0001-0207.dcm to database; Error: String not valid UTF-8
Could not save file /Users/sween/Desktop/DICOM/PELVIX/Bassin Bassin (Adulte)/Bassin  2.0mm std - 2/IM-0001-0206.dcm to database; Error: String not valid UTF-8
Could not save file /Users/sween/Desktop/DICOM/PELVIX/Bassin Bassin (Adulte)/Bassin  2.0mm std - 2/IM-0001-0205.dcm to database; Error: String not valid UTF-8
Could not save file /Users/sween/Desktop/DICOM/PELVIX/Bassin Bassin (Adulte)/Bassin  2.0mm std - 2/IM-0001-0204.dcm to database; Error: String not valid UTF-8
Could not save file /Users/sween/Desktop/DICOM/PELVIX/Bassin Bassin (Adulte)/Bassin  2.0mm std - 2/IM-0001-0203.dcm to database; Error: String not valid UTF-8
Could not save file /Users/sween/Desktop/DICOM/PELVIX/Bassin Bassin (Adulte)/Bassin  2.0mm std - 2/IM-0001-0202.dcm to database; Error: String not valid UTF-8
Could not save file /Users/sween/Desktop/DICOM/PELVIX/Bassin Bassin (Adulte)/Bassin  2.0mm std - 2/IM-0001-0201.dcm to database; Error: String not valid UTF-8
Could not save file /Users/sween/Desktop/DICOM/PELVIX/Bassin Bassin (Adulte)/Bassin  2.0mm std - 2/IM-0001-0200.dcm to database; Error: String not valid UTF-8
Could not save file /Users/sween/Desktop/DICOM/PELVIX/Bassin Bassin (Adulte)/Bassin  2.0mm std - 2/IM-0001-0199.dcm to database; Error: String not valid UTF-8
Could not save file /Users/sween/Desktop/DICOM/PELVIX/Bassin Bassin (Adulte)/Bassin  2.0mm std - 2/IM-0001-0198.dcm to database; Error: String not valid UTF-8
Could not save file /Users/sween/Desktop/DICOM/PELVIX/Bassin Bassin (Adulte)/Bassin  2.0mm std - 2/IM-0001-0197.dcm to database; Error: String not valid UTF-8
Could not save file /Users/sween/Desktop/DICOM/PELVIX/Bassin Bassin (Adulte)/Bassin  2.0mm std - 2/IM-0001-0196.dcm to database; Error: String not valid UTF-8
Could not save file /Users/sween/Desktop/DICOM/PELVIX/Bassin Bassin (Adulte)/Bassin  2.0mm std - 2/IM-0001-0195.dcm to database; Error: String not valid UTF-8
Could not save file /Users/sween/Desktop/DICOM/PELVIX/Bassin Bassin (Adulte)/Bassin  2.0mm std - 2/IM-0001-0194.dcm to database; Error: String not valid UTF-8
Could not save file /Users/sween/Desktop/DICOM/PELVIX/Bassin Bassin (Adulte)/Bassin  2.0mm std - 2/IM-0001-0193.dcm to database; Error: String not valid UTF-8
Could not save file /Users/sween/Desktop/DICOM/PELVIX/Bassin Bassin (Adulte)/Bassin  2.0mm std - 2/IM-0001-0192.dcm to database; Error: String not valid UTF-8
Could not save file /Users/sween/Desktop/DICOM/PELVIX/Bassin Bassin (Adulte)/Bassin  2.0mm std - 2/IM-0001-0191.dcm to database; Error: String not valid UTF-8
Could not save file /Users/sween/Desktop/DICOM/PELVIX/Bassin Bassin (Adulte)/Bassin  2.0mm std - 2/IM-0001-0190.dcm to database; Error: String not valid UTF-8
Could not save file /Users/sween/Desktop/DICOM/PELVIX/Bassin Bassin (Adulte)/Bassin  2.0mm std - 2/IM-0001-0189.dcm to database; Error: String not valid UTF-8
Could not save file /Users/sween/Desktop/DICOM/PELVIX/Bassin Bassin (Adulte)/Bassin  2.0mm std - 2/IM-0001-0188.dcm to database; Error: String not valid UTF-8
Could not save file /Users/sween/Desktop/DICOM/PELVIX/Bassin Bassin (Adulte)/Bassin  2.0mm std - 2/IM-0001-0187.dcm to database; Error: String not valid UTF-8
Could not save file /Users/sween/Desktop/DICOM/PELVIX/Bassin Bassin (Adulte)/Bassin  2.0mm std - 2/IM-0001-0186.dcm to database; Error: String not valid UTF-8
Could not save file /Users/sween/Desktop/DICOM/PELVIX/Bassin Bassin (Adulte)/Bassin  2.0mm std - 2/IM-0001-0185.dcm to database; Error: String not valid UTF-8
Could not save file /Users/sween/Desktop/DICOM/PELVIX/Bassin Bassin (Adulte)/Bassin  2.0mm std - 2/IM-0001-0184.dcm to database; Error: String not valid UTF-8
Could not save file /Users/sween/Desktop/DICOM/PELVIX/Bassin Bassin (Adulte)/Bassin  2.0mm std - 2/IM-0001-0183.dcm to database; Error: String not valid UTF-8
Could not save file /Users/sween/Desktop/DICOM/PELVIX/Bassin Bassin (Adulte)/Bassin  2.0mm std - 2/IM-0001-0182.dcm to database; Error: String not valid UTF-8
Could not save file /Users/sween/Desktop/DICOM/PELVIX/Bassin Bassin (Adulte)/Bassin  2.0mm std - 2/IM-0001-0181.dcm to database; Error: String not valid UTF-8
Could not save file /Users/sween/Desktop/DICOM/PELVIX/Bassin Bassin (Adulte)/Bassin  2.0mm std - 2/IM-0001-0180.dcm to database; Error: String not valid UTF-8
Could not save file /Users/sween/Desktop/DICOM/PELVIX/Bassin Bassin (Adulte)/Bassin  2.0mm std - 2/IM-0001-0179.dcm to database; Error: String not valid UTF-8
Could not save file /Users/sween/Desktop/DICOM/PELVIX/Bassin Bassin (Adulte)/Bassin  2.0mm std - 2/IM-0001-0178.dcm to database; Error: String not valid UTF-8
Could not save file /Users/sween/Desktop/DICOM/PELVIX/Bassin Bassin (Adulte)/Bassin  2.0mm std - 2/IM-0001-0177.dcm to database; Error: String not valid UTF-8
Could not save file /Users/sween/Desktop/DICOM/PELVIX/Bassin Bassin (Adulte)/Bassin  2.0mm std - 2/IM-0001-0176.dcm to database; Error: String not valid UTF-8
Could not save file /Users/sween/Desktop/DICOM/PELVIX/Bassin Bassin (Adulte)/Bassin  2.0mm std - 2/IM-0001-0175.dcm to database; Error: String not valid UTF-8
Could not save file /Users/sween/Desktop/DICOM/PELVIX/Bassin Bassin (Adulte)/Bassin  2.0mm std - 2/IM-0001-0174.dcm to database; Error: String not valid UTF-8
Could not save file /Users/sween/Desktop/DICOM/PELVIX/Bassin Bassin (Adulte)/Bassin  2.0mm std - 2/IM-0001-0173.dcm to database; Error: String not valid UTF-8
Could not save file /Users/sween/Desktop/DICOM/PELVIX/Bassin Bassin (Adulte)/Bassin  2.0mm std - 2/IM-0001-0172.dcm to database; Error: String not valid UTF-8
Could not save file /Users/sween/Desktop/DICOM/PELVIX/Bassin Bassin (Adulte)/Bassin  2.0mm std - 2/IM-0001-0171.dcm to database; Error: String not valid UTF-8
Could not save file /Users/sween/Desktop/DICOM/PELVIX/Bassin Bassin (Adulte)/Bassin  2.0mm std - 2/IM-0001-0170.dcm to database; Error: String not valid UTF-8
Could not save file /Users/sween/Desktop/DICOM/PELVIX/Bassin Bassin (Adulte)/Bassin  2.0mm std - 2/IM-0001-0169.dcm to database; Error: String not valid UTF-8
Could not save file /Users/sween/Desktop/DICOM/PELVIX/Bassin Bassin (Adulte)/Bassin  2.0mm std - 2/IM-0001-0168.dcm to database; Error: String not valid UTF-8
Could not save file /Users/sween/Desktop/DICOM/PELVIX/Bassin Bassin (Adulte)/Bassin  2.0mm std - 2/IM-0001-0167.dcm to database; Error: String not valid UTF-8
Could not save file /Users/sween/Desktop/DICOM/PELVIX/Bassin Bassin (Adulte)/Bassin  2.0mm std - 2/IM-0001-0166.dcm to database; Error: String not valid UTF-8
Could not save file /Users/sween/Desktop/DICOM/PELVIX/Bassin Bassin (Adulte)/Bassin  2.0mm std - 2/IM-0001-0165.dcm to database; Error: String not valid UTF-8
Could not save file /Users/sween/Desktop/DICOM/PELVIX/Bassin Bassin (Adulte)/Bassin  2.0mm std - 2/IM-0001-0164.dcm to database; Error: String not valid UTF-8
Could not save file /Users/sween/Desktop/DICOM/PELVIX/Bassin Bassin (Adulte)/Bassin  2.0mm std - 2/IM-0001-0163.dcm to database; Error: String not valid UTF-8
Could not save file /Users/sween/Desktop/DICOM/PELVIX/Bassin Bassin (Adulte)/Bassin  2.0mm std - 2/IM-0001-0162.dcm to database; Error: String not valid UTF-8
Could not save file /Users/sween/Desktop/DICOM/PELVIX/Bassin Bassin (Adulte)/Bassin  2.0mm std - 2/IM-0001-0161.dcm to database; Error: String not valid UTF-8
Could not save file /Users/sween/Desktop/DICOM/PELVIX/Bassin Bassin (Adulte)/Bassin  2.0mm std - 2/IM-0001-0160.dcm to database; Error: String not valid UTF-8
Could not save file /Users/sween/Desktop/DICOM/PELVIX/Bassin Bassin (Adulte)/Bassin  2.0mm std - 2/IM-0001-0159.dcm to database; Error: String not valid UTF-8
Could not save file /Users/sween/Desktop/DICOM/PELVIX/Bassin Bassin (Adulte)/Bassin  2.0mm std - 2/IM-0001-0158.dcm to database; Error: String not valid UTF-8
Could not save file /Users/sween/Desktop/DICOM/PELVIX/Bassin Bassin (Adulte)/Bassin  2.0mm std - 2/IM-0001-0157.dcm to database; Error: String not valid UTF-8
Could not save file /Users/sween/Desktop/DICOM/PELVIX/Bassin Bassin (Adulte)/Bassin  2.0mm std - 2/IM-0001-0156.dcm to database; Error: String not valid UTF-8
Could not save file /Users/sween/Desktop/DICOM/PELVIX/Bassin Bassin (Adulte)/Bassin  2.0mm std - 2/IM-0001-0155.dcm to database; Error: String not valid UTF-8
Could not save file /Users/sween/Desktop/DICOM/PELVIX/Bassin Bassin (Adulte)/Bassin  2.0mm std - 2/IM-0001-0154.dcm to database; Error: String not valid UTF-8
Could not save file /Users/sween/Desktop/DICOM/PELVIX/Bassin Bassin (Adulte)/Bassin  2.0mm std - 2/IM-0001-0153.dcm to database; Error: String not valid UTF-8
Could not save file /Users/sween/Desktop/DICOM/PELVIX/Bassin Bassin (Adulte)/Bassin  2.0mm std - 2/IM-0001-0152.dcm to database; Error: String not valid UTF-8
Could not save file /Users/sween/Desktop/DICOM/PELVIX/Bassin Bassin (Adulte)/Bassin  2.0mm std - 2/IM-0001-0151.dcm to database; Error: String not valid UTF-8
Could not save file /Users/sween/Desktop/DICOM/PELVIX/Bassin Bassin (Adulte)/Bassin  2.0mm std - 2/IM-0001-0150.dcm to database; Error: String not valid UTF-8
Could not save file /Users/sween/Desktop/DICOM/PELVIX/Bassin Bassin (Adulte)/Bassin  2.0mm std - 2/IM-0001-0149.dcm to database; Error: String not valid UTF-8
Could not save file /Users/sween/Desktop/DICOM/PELVIX/Bassin Bassin (Adulte)/Bassin  2.0mm std - 2/IM-0001-0148.dcm to database; Error: String not valid UTF-8
Could not save file /Users/sween/Desktop/DICOM/PELVIX/Bassin Bassin (Adulte)/Bassin  2.0mm std - 2/IM-0001-0147.dcm to database; Error: String not valid UTF-8
Could not save file /Users/sween/Desktop/DICOM/PELVIX/Bassin Bassin (Adulte)/Bassin  2.0mm std - 2/IM-0001-0146.dcm to database; Error: String not valid UTF-8
Could not save file /Users/sween/Desktop/DICOM/PELVIX/Bassin Bassin (Adulte)/Bassin  2.0mm std - 2/IM-0001-0145.dcm to database; Error: String not valid UTF-8
Could not save file /Users/sween/Desktop/DICOM/PELVIX/Bassin Bassin (Adulte)/Bassin  2.0mm std - 2/IM-0001-0144.dcm to database; Error: String not valid UTF-8
Could not save file /Users/sween/Desktop/DICOM/PELVIX/Bassin Bassin (Adulte)/Bassin  2.0mm std - 2/IM-0001-0143.dcm to database; Error: String not valid UTF-8
Could not save file /Users/sween/Desktop/DICOM/PELVIX/Bassin Bassin (Adulte)/Bassin  2.0mm std - 2/IM-0001-0142.dcm to database; Error: String not valid UTF-8
Could not save file /Users/sween/Desktop/DICOM/PELVIX/Bassin Bassin (Adulte)/Bassin  2.0mm std - 2/IM-0001-0141.dcm to database; Error: String not valid UTF-8
Could not save file /Users/sween/Desktop/DICOM/PELVIX/Bassin Bassin (Adulte)/Bassin  2.0mm std - 2/IM-0001-0140.dcm to database; Error: String not valid UTF-8
Could not save file /Users/sween/Desktop/DICOM/PELVIX/Bassin Bassin (Adulte)/Bassin  2.0mm std - 2/IM-0001-0139.dcm to database; Error: String not valid UTF-8
Could not save file /Users/sween/Desktop/DICOM/PELVIX/Bassin Bassin (Adulte)/Bassin  2.0mm std - 2/IM-0001-0138.dcm to database; Error: String not valid UTF-8
Could not save file /Users/sween/Desktop/DICOM/PELVIX/Bassin Bassin (Adulte)/Bassin  2.0mm std - 2/IM-0001-0137.dcm to database; Error: String not valid UTF-8
Could not save file /Users/sween/Desktop/DICOM/PELVIX/Bassin Bassin (Adulte)/Bassin  2.0mm std - 2/IM-0001-0136.dcm to database; Error: String not valid UTF-8
Could not save file /Users/sween/Desktop/DICOM/PELVIX/Bassin Bassin (Adulte)/Bassin  2.0mm std - 2/IM-0001-0135.dcm to database; Error: String not valid UTF-8
Could not save file /Users/sween/Desktop/DICOM/PELVIX/Bassin Bassin (Adulte)/Bassin  2.0mm std - 2/IM-0001-0134.dcm to database; Error: String not valid UTF-8
Could not save file /Users/sween/Desktop/DICOM/PELVIX/Bassin Bassin (Adulte)/Bassin  2.0mm std - 2/IM-0001-0133.dcm to database; Error: String not valid UTF-8
Could not save file /Users/sween/Desktop/DICOM/PELVIX/Bassin Bassin (Adulte)/Bassin  2.0mm std - 2/IM-0001-0132.dcm to database; Error: String not valid UTF-8
Could not save file /Users/sween/Desktop/DICOM/PELVIX/Bassin Bassin (Adulte)/Bassin  2.0mm std - 2/IM-0001-0131.dcm to database; Error: String not valid UTF-8
Could not save file /Users/sween/Desktop/DICOM/PELVIX/Bassin Bassin (Adulte)/Bassin  2.0mm std - 2/IM-0001-0130.dcm to database; Error: String not valid UTF-8
Could not save file /Users/sween/Desktop/DICOM/PELVIX/Bassin Bassin (Adulte)/Bassin  2.0mm std - 2/IM-0001-0129.dcm to database; Error: String not valid UTF-8
Could not save file /Users/sween/Desktop/DICOM/PELVIX/Bassin Bassin (Adulte)/Bassin  2.0mm std - 2/IM-0001-0128.dcm to database; Error: String not valid UTF-8
Could not save file /Users/sween/Desktop/DICOM/PELVIX/Bassin Bassin (Adulte)/Bassin  2.0mm std - 2/IM-0001-0127.dcm to database; Error: String not valid UTF-8
Could not save file /Users/sween/Desktop/DICOM/PELVIX/Bassin Bassin (Adulte)/Bassin  2.0mm std - 2/IM-0001-0126.dcm to database; Error: String not valid UTF-8
Could not save file /Users/sween/Desktop/DICOM/PELVIX/Bassin Bassin (Adulte)/Bassin  2.0mm std - 2/IM-0001-0125.dcm to database; Error: String not valid UTF-8
Could not save file /Users/sween/Desktop/DICOM/PELVIX/Bassin Bassin (Adulte)/Bassin  2.0mm std - 2/IM-0001-0124.dcm to database; Error: String not valid UTF-8
Could not save file /Users/sween/Desktop/DICOM/PELVIX/Bassin Bassin (Adulte)/Bassin  2.0mm std - 2/IM-0001-0123.dcm to database; Error: String not valid UTF-8
Could not save file /Users/sween/Desktop/DICOM/PELVIX/Bassin Bassin (Adulte)/Bassin  2.0mm std - 2/IM-0001-0122.dcm to database; Error: String not valid UTF-8
Could not save file /Users/sween/Desktop/DICOM/PELVIX/Bassin Bassin (Adulte)/Bassin  2.0mm std - 2/IM-0001-0121.dcm to database; Error: String not valid UTF-8
Could not save file /Users/sween/Desktop/DICOM/PELVIX/Bassin Bassin (Adulte)/Bassin  2.0mm std - 2/IM-0001-0120.dcm to database; Error: String not valid UTF-8
Could not save file /Users/sween/Desktop/DICOM/PELVIX/Bassin Bassin (Adulte)/Bassin  2.0mm std - 2/IM-0001-0119.dcm to database; Error: String not valid UTF-8
Could not save file /Users/sween/Desktop/DICOM/PELVIX/Bassin Bassin (Adulte)/Bassin  2.0mm std - 2/IM-0001-0118.dcm to database; Error: String not valid UTF-8
Could not save file /Users/sween/Desktop/DICOM/PELVIX/Bassin Bassin (Adulte)/Bassin  2.0mm std - 2/IM-0001-0117.dcm to database; Error: String not valid UTF-8
Could not save file /Users/sween/Desktop/DICOM/PELVIX/Bassin Bassin (Adulte)/Bassin  2.0mm std - 2/IM-0001-0116.dcm to database; Error: String not valid UTF-8
Could not save file /Users/sween/Desktop/DICOM/PELVIX/Bassin Bassin (Adulte)/Bassin  2.0mm std - 2/IM-0001-0115.dcm to database; Error: String not valid UTF-8
Could not save file /Users/sween/Desktop/DICOM/PELVIX/Bassin Bassin (Adulte)/Bassin  2.0mm std - 2/IM-0001-0114.dcm to database; Error: String not valid UTF-8
Could not save file /Users/sween/Desktop/DICOM/PELVIX/Bassin Bassin (Adulte)/Bassin  2.0mm std - 2/IM-0001-0113.dcm to database; Error: String not valid UTF-8
Could not save file /Users/sween/Desktop/DICOM/PELVIX/Bassin Bassin (Adulte)/Bassin  2.0mm std - 2/IM-0001-0112.dcm to database; Error: String not valid UTF-8
Could not save file /Users/sween/Desktop/DICOM/PELVIX/Bassin Bassin (Adulte)/Bassin  2.0mm std - 2/IM-0001-0111.dcm to database; Error: String not valid UTF-8
Could not save file /Users/sween/Desktop/DICOM/PELVIX/Bassin Bassin (Adulte)/Bassin  2.0mm std - 2/IM-0001-0110.dcm to database; Error: String not valid UTF-8
Could not save file /Users/sween/Desktop/DICOM/PELVIX/Bassin Bassin (Adulte)/Bassin  2.0mm std - 2/IM-0001-0109.dcm to database; Error: String not valid UTF-8
Could not save file /Users/sween/Desktop/DICOM/PELVIX/Bassin Bassin (Adulte)/Bassin  2.0mm std - 2/IM-0001-0108.dcm to database; Error: String not valid UTF-8
Could not save file /Users/sween/Desktop/DICOM/PELVIX/Bassin Bassin (Adulte)/Bassin  2.0mm std - 2/IM-0001-0107.dcm to database; Error: String not valid UTF-8
Could not save file /Users/sween/Desktop/DICOM/PELVIX/Bassin Bassin (Adulte)/Bassin  2.0mm std - 2/IM-0001-0106.dcm to database; Error: String not valid UTF-8
Could not save file /Users/sween/Desktop/DICOM/PELVIX/Bassin Bassin (Adulte)/Bassin  2.0mm std - 2/IM-0001-0105.dcm to database; Error: String not valid UTF-8
Could not save file /Users/sween/Desktop/DICOM/PELVIX/Bassin Bassin (Adulte)/Bassin  2.0mm std - 2/IM-0001-0104.dcm to database; Error: String not valid UTF-8
Could not save file /Users/sween/Desktop/DICOM/PELVIX/Bassin Bassin (Adulte)/Bassin  2.0mm std - 2/IM-0001-0103.dcm to database; Error: String not valid UTF-8
Could not save file /Users/sween/Desktop/DICOM/PELVIX/Bassin Bassin (Adulte)/Bassin  2.0mm std - 2/IM-0001-0102.dcm to database; Error: String not valid UTF-8
Could not save file /Users/sween/Desktop/DICOM/PELVIX/Bassin Bassin (Adulte)/Bassin  2.0mm std - 2/IM-0001-0101.dcm to database; Error: String not valid UTF-8
Could not save file /Users/sween/Desktop/DICOM/PELVIX/Bassin Bassin (Adulte)/Bassin  2.0mm std - 2/IM-0001-0100.dcm to database; Error: String not valid UTF-8
Could not save file /Users/sween/Desktop/DICOM/PELVIX/Bassin Bassin (Adulte)/Bassin  2.0mm std - 2/IM-0001-0099.dcm to database; Error: String not valid UTF-8
Could not save file /Users/sween/Desktop/DICOM/PELVIX/Bassin Bassin (Adulte)/Bassin  2.0mm std - 2/IM-0001-0098.dcm to database; Error: String not valid UTF-8
Could not save file /Users/sween/Desktop/DICOM/PELVIX/Bassin Bassin (Adulte)/Bassin  2.0mm std - 2/IM-0001-0097.dcm to database; Error: String not valid UTF-8
Could not save file /Users/sween/Desktop/DICOM/PELVIX/Bassin Bassin (Adulte)/Bassin  2.0mm std - 2/IM-0001-0096.dcm to database; Error: String not valid UTF-8
Could not save file /Users/sween/Desktop/DICOM/PELVIX/Bassin Bassin (Adulte)/Bassin  2.0mm std - 2/IM-0001-0095.dcm to database; Error: String not valid UTF-8
Could not save file /Users/sween/Desktop/DICOM/PELVIX/Bassin Bassin (Adulte)/Bassin  2.0mm std - 2/IM-0001-0094.dcm to database; Error: String not valid UTF-8
Could not save file /Users/sween/Desktop/DICOM/PELVIX/Bassin Bassin (Adulte)/Bassin  2.0mm std - 2/IM-0001-0093.dcm to database; Error: String not valid UTF-8
Could not save file /Users/sween/Desktop/DICOM/PELVIX/Bassin Bassin (Adulte)/Bassin  2.0mm std - 2/IM-0001-0092.dcm to database; Error: String not valid UTF-8
Could not save file /Users/sween/Desktop/DICOM/PELVIX/Bassin Bassin (Adulte)/Bassin  2.0mm std - 2/IM-0001-0091.dcm to database; Error: String not valid UTF-8
Could not save file /Users/sween/Desktop/DICOM/PELVIX/Bassin Bassin (Adulte)/Bassin  2.0mm std - 2/IM-0001-0090.dcm to database; Error: String not valid UTF-8
Could not save file /Users/sween/Desktop/DICOM/PELVIX/Bassin Bassin (Adulte)/Bassin  2.0mm std - 2/IM-0001-0089.dcm to database; Error: String not valid UTF-8
Could not save file /Users/sween/Desktop/DICOM/PELVIX/Bassin Bassin (Adulte)/Bassin  2.0mm std - 2/IM-0001-0088.dcm to database; Error: String not valid UTF-8
Could not save file /Users/sween/Desktop/DICOM/PELVIX/Bassin Bassin (Adulte)/Bassin  2.0mm std - 2/IM-0001-0087.dcm to database; Error: String not valid UTF-8
Could not save file /Users/sween/Desktop/DICOM/PELVIX/Bassin Bassin (Adulte)/Bassin  2.0mm std - 2/IM-0001-0086.dcm to database; Error: String not valid UTF-8
Could not save file /Users/sween/Desktop/DICOM/PELVIX/Bassin Bassin (Adulte)/Bassin  2.0mm std - 2/IM-0001-0085.dcm to database; Error: String not valid UTF-8
Could not save file /Users/sween/Desktop/DICOM/PELVIX/Bassin Bassin (Adulte)/Bassin  2.0mm std - 2/IM-0001-0084.dcm to database; Error: String not valid UTF-8
Could not save file /Users/sween/Desktop/DICOM/PELVIX/Bassin Bassin (Adulte)/Bassin  2.0mm std - 2/IM-0001-0083.dcm to database; Error: String not valid UTF-8
Could not save file /Users/sween/Desktop/DICOM/PELVIX/Bassin Bassin (Adulte)/Bassin  2.0mm std - 2/IM-0001-0082.dcm to database; Error: String not valid UTF-8
Could not save file /Users/sween/Desktop/DICOM/PELVIX/Bassin Bassin (Adulte)/Bassin  2.0mm std - 2/IM-0001-0081.dcm to database; Error: String not valid UTF-8
Could not save file /Users/sween/Desktop/DICOM/PELVIX/Bassin Bassin (Adulte)/Bassin  2.0mm std - 2/IM-0001-0080.dcm to database; Error: String not valid UTF-8
Could not save file /Users/sween/Desktop/DICOM/PELVIX/Bassin Bassin (Adulte)/Bassin  2.0mm std - 2/IM-0001-0079.dcm to database; Error: String not valid UTF-8
Could not save file /Users/sween/Desktop/DICOM/PELVIX/Bassin Bassin (Adulte)/Bassin  2.0mm std - 2/IM-0001-0078.dcm to database; Error: String not valid UTF-8
Could not save file /Users/sween/Desktop/DICOM/PELVIX/Bassin Bassin (Adulte)/Bassin  2.0mm std - 2/IM-0001-0077.dcm to database; Error: String not valid UTF-8
Could not save file /Users/sween/Desktop/DICOM/PELVIX/Bassin Bassin (Adulte)/Bassin  2.0mm std - 2/IM-0001-0076.dcm to database; Error: String not valid UTF-8
Could not save file /Users/sween/Desktop/DICOM/PELVIX/Bassin Bassin (Adulte)/Bassin  2.0mm std - 2/IM-0001-0075.dcm to database; Error: String not valid UTF-8
Could not save file /Users/sween/Desktop/DICOM/PELVIX/Bassin Bassin (Adulte)/Bassin  2.0mm std - 2/IM-0001-0074.dcm to database; Error: String not valid UTF-8
Could not save file /Users/sween/Desktop/DICOM/PELVIX/Bassin Bassin (Adulte)/Bassin  2.0mm std - 2/IM-0001-0073.dcm to database; Error: String not valid UTF-8
Could not save file /Users/sween/Desktop/DICOM/PELVIX/Bassin Bassin (Adulte)/Bassin  2.0mm std - 2/IM-0001-0072.dcm to database; Error: String not valid UTF-8
Could not save file /Users/sween/Desktop/DICOM/PELVIX/Bassin Bassin (Adulte)/Bassin  2.0mm std - 2/IM-0001-0071.dcm to database; Error: String not valid UTF-8
Could not save file /Users/sween/Desktop/DICOM/PELVIX/Bassin Bassin (Adulte)/Bassin  2.0mm std - 2/IM-0001-0070.dcm to database; Error: String not valid UTF-8
Could not save file /Users/sween/Desktop/DICOM/PELVIX/Bassin Bassin (Adulte)/Bassin  2.0mm std - 2/IM-0001-0069.dcm to database; Error: String not valid UTF-8
Could not save file /Users/sween/Desktop/DICOM/PELVIX/Bassin Bassin (Adulte)/Bassin  2.0mm std - 2/IM-0001-0068.dcm to database; Error: String not valid UTF-8
Could not save file /Users/sween/Desktop/DICOM/PELVIX/Bassin Bassin (Adulte)/Bassin  2.0mm std - 2/IM-0001-0067.dcm to database; Error: String not valid UTF-8
Could not save file /Users/sween/Desktop/DICOM/PELVIX/Bassin Bassin (Adulte)/Bassin  2.0mm std - 2/IM-0001-0066.dcm to database; Error: String not valid UTF-8
Could not save file /Users/sween/Desktop/DICOM/PELVIX/Bassin Bassin (Adulte)/Bassin  2.0mm std - 2/IM-0001-0065.dcm to database; Error: String not valid UTF-8
Could not save file /Users/sween/Desktop/DICOM/PELVIX/Bassin Bassin (Adulte)/Bassin  2.0mm std - 2/IM-0001-0064.dcm to database; Error: String not valid UTF-8
Could not save file /Users/sween/Desktop/DICOM/PELVIX/Bassin Bassin (Adulte)/Bassin  2.0mm std - 2/IM-0001-0063.dcm to database; Error: String not valid UTF-8
Could not save file /Users/sween/Desktop/DICOM/PELVIX/Bassin Bassin (Adulte)/Bassin  2.0mm std - 2/IM-0001-0062.dcm to database; Error: String not valid UTF-8
Could not save file /Users/sween/Desktop/DICOM/PELVIX/Bassin Bassin (Adulte)/Bassin  2.0mm std - 2/IM-0001-0061.dcm to database; Error: String not valid UTF-8
Could not save file /Users/sween/Desktop/DICOM/PELVIX/Bassin Bassin (Adulte)/Bassin  2.0mm std - 2/IM-0001-0060.dcm to database; Error: String not valid UTF-8
Could not save file /Users/sween/Desktop/DICOM/PELVIX/Bassin Bassin (Adulte)/Bassin  2.0mm std - 2/IM-0001-0059.dcm to database; Error: String not valid UTF-8
Could not save file /Users/sween/Desktop/DICOM/PELVIX/Bassin Bassin (Adulte)/Bassin  2.0mm std - 2/IM-0001-0058.dcm to database; Error: String not valid UTF-8
Could not save file /Users/sween/Desktop/DICOM/PELVIX/Bassin Bassin (Adulte)/Bassin  2.0mm std - 2/IM-0001-0057.dcm to database; Error: String not valid UTF-8
Could not save file /Users/sween/Desktop/DICOM/PELVIX/Bassin Bassin (Adulte)/Bassin  2.0mm std - 2/IM-0001-0056.dcm to database; Error: String not valid UTF-8
Could not save file /Users/sween/Desktop/DICOM/PELVIX/Bassin Bassin (Adulte)/Bassin  2.0mm std - 2/IM-0001-0055.dcm to database; Error: String not valid UTF-8
Could not save file /Users/sween/Desktop/DICOM/PELVIX/Bassin Bassin (Adulte)/Bassin  2.0mm std - 2/IM-0001-0054.dcm to database; Error: String not valid UTF-8
Could not save file /Users/sween/Desktop/DICOM/PELVIX/Bassin Bassin (Adulte)/Bassin  2.0mm std - 2/IM-0001-0053.dcm to database; Error: String not valid UTF-8
Could not save file /Users/sween/Desktop/DICOM/PELVIX/Bassin Bassin (Adulte)/Bassin  2.0mm std - 2/IM-0001-0052.dcm to database; Error: String not valid UTF-8
Could not save file /Users/sween/Desktop/DICOM/PELVIX/Bassin Bassin (Adulte)/Bassin  2.0mm std - 2/IM-0001-0051.dcm to database; Error: String not valid UTF-8
Could not save file /Users/sween/Desktop/DICOM/PELVIX/Bassin Bassin (Adulte)/Bassin  2.0mm std - 2/IM-0001-0050.dcm to database; Error: String not valid UTF-8
Could not save file /Users/sween/Desktop/DICOM/PELVIX/Bassin Bassin (Adulte)/Bassin  2.0mm std - 2/IM-0001-0049.dcm to database; Error: String not valid UTF-8
Could not save file /Users/sween/Desktop/DICOM/PELVIX/Bassin Bassin (Adulte)/Bassin  2.0mm std - 2/IM-0001-0048.dcm to database; Error: String not valid UTF-8
Could not save file /Users/sween/Desktop/DICOM/PELVIX/Bassin Bassin (Adulte)/Bassin  2.0mm std - 2/IM-0001-0047.dcm to database; Error: String not valid UTF-8
Could not save file /Users/sween/Desktop/DICOM/PELVIX/Bassin Bassin (Adulte)/Bassin  2.0mm std - 2/IM-0001-0046.dcm to database; Error: String not valid UTF-8
Could not save file /Users/sween/Desktop/DICOM/PELVIX/Bassin Bassin (Adulte)/Bassin  2.0mm std - 2/IM-0001-0045.dcm to database; Error: String not valid UTF-8
Could not save file /Users/sween/Desktop/DICOM/PELVIX/Bassin Bassin (Adulte)/Bassin  2.0mm std - 2/IM-0001-0044.dcm to database; Error: String not valid UTF-8
Could not save file /Users/sween/Desktop/DICOM/PELVIX/Bassin Bassin (Adulte)/Bassin  2.0mm std - 2/IM-0001-0043.dcm to database; Error: String not valid UTF-8
Could not save file /Users/sween/Desktop/DICOM/PELVIX/Bassin Bassin (Adulte)/Bassin  2.0mm std - 2/IM-0001-0042.dcm to database; Error: String not valid UTF-8
Could not save file /Users/sween/Desktop/DICOM/PELVIX/Bassin Bassin (Adulte)/Bassin  2.0mm std - 2/IM-0001-0041.dcm to database; Error: String not valid UTF-8
Could not save file /Users/sween/Desktop/DICOM/PELVIX/Bassin Bassin (Adulte)/Bassin  2.0mm std - 2/IM-0001-0040.dcm to database; Error: String not valid UTF-8
Could not save file /Users/sween/Desktop/DICOM/PELVIX/Bassin Bassin (Adulte)/Bassin  2.0mm std - 2/IM-0001-0039.dcm to database; Error: String not valid UTF-8
Could not save file /Users/sween/Desktop/DICOM/PELVIX/Bassin Bassin (Adulte)/Bassin  2.0mm std - 2/IM-0001-0038.dcm to database; Error: String not valid UTF-8
Could not save file /Users/sween/Desktop/DICOM/PELVIX/Bassin Bassin (Adulte)/Bassin  2.0mm std - 2/IM-0001-0037.dcm to database; Error: String not valid UTF-8
Could not save file /Users/sween/Desktop/DICOM/PELVIX/Bassin Bassin (Adulte)/Bassin  2.0mm std - 2/IM-0001-0036.dcm to database; Error: String not valid UTF-8
Could not save file /Users/sween/Desktop/DICOM/PELVIX/Bassin Bassin (Adulte)/Bassin  2.0mm std - 2/IM-0001-0035.dcm to database; Error: String not valid UTF-8
Could not save file /Users/sween/Desktop/DICOM/PELVIX/Bassin Bassin (Adulte)/Bassin  2.0mm std - 2/IM-0001-0034.dcm to database; Error: String not valid UTF-8
Could not save file /Users/sween/Desktop/DICOM/PELVIX/Bassin Bassin (Adulte)/Bassin  2.0mm std - 2/IM-0001-0033.dcm to database; Error: String not valid UTF-8
Could not save file /Users/sween/Desktop/DICOM/PELVIX/Bassin Bassin (Adulte)/Bassin  2.0mm std - 2/IM-0001-0032.dcm to database; Error: String not valid UTF-8
Could not save file /Users/sween/Desktop/DICOM/PELVIX/Bassin Bassin (Adulte)/Bassin  2.0mm std - 2/IM-0001-0031.dcm to database; Error: String not valid UTF-8
Could not save file /Users/sween/Desktop/DICOM/PELVIX/Bassin Bassin (Adulte)/Bassin  2.0mm std - 2/IM-0001-0030.dcm to database; Error: String not valid UTF-8
Could not save file /Users/sween/Desktop/DICOM/PELVIX/Bassin Bassin (Adulte)/Bassin  2.0mm std - 2/IM-0001-0029.dcm to database; Error: String not valid UTF-8
Could not save file /Users/sween/Desktop/DICOM/PELVIX/Bassin Bassin (Adulte)/Bassin  2.0mm std - 2/IM-0001-0028.dcm to database; Error: String not valid UTF-8
Could not save file /Users/sween/Desktop/DICOM/PELVIX/Bassin Bassin (Adulte)/Bassin  2.0mm std - 2/IM-0001-0027.dcm to database; Error: String not valid UTF-8
Could not save file /Users/sween/Desktop/DICOM/PELVIX/Bassin Bassin (Adulte)/Bassin  2.0mm std - 2/IM-0001-0026.dcm to database; Error: String not valid UTF-8
Could not save file /Users/sween/Desktop/DICOM/PELVIX/Bassin Bassin (Adulte)/Bassin  2.0mm std - 2/IM-0001-0025.dcm to database; Error: String not valid UTF-8
Could not save file /Users/sween/Desktop/DICOM/PELVIX/Bassin Bassin (Adulte)/Bassin  2.0mm std - 2/IM-0001-0024.dcm to database; Error: String not valid UTF-8
Could not save file /Users/sween/Desktop/DICOM/PELVIX/Bassin Bassin (Adulte)/Bassin  2.0mm std - 2/IM-0001-0023.dcm to database; Error: String not valid UTF-8
Could not save file /Users/sween/Desktop/DICOM/PELVIX/Bassin Bassin (Adulte)/Bassin  2.0mm std - 2/IM-0001-0022.dcm to database; Error: String not valid UTF-8
Could not save file /Users/sween/Desktop/DICOM/PELVIX/Bassin Bassin (Adulte)/Bassin  2.0mm std - 2/IM-0001-0021.dcm to database; Error: String not valid UTF-8
Could not save file /Users/sween/Desktop/DICOM/PELVIX/Bassin Bassin (Adulte)/Bassin  2.0mm std - 2/IM-0001-0020.dcm to database; Error: String not valid UTF-8
Could not save file /Users/sween/Desktop/DICOM/PELVIX/Bassin Bassin (Adulte)/Bassin  2.0mm std - 2/IM-0001-0019.dcm to database; Error: String not valid UTF-8
Could not save file /Users/sween/Desktop/DICOM/PELVIX/Bassin Bassin (Adulte)/Bassin  2.0mm std - 2/IM-0001-0018.dcm to database; Error: String not valid UTF-8
Could not save file /Users/sween/Desktop/DICOM/PELVIX/Bassin Bassin (Adulte)/Bassin  2.0mm std - 2/IM-0001-0017.dcm to database; Error: String not valid UTF-8
Could not save file /Users/sween/Desktop/DICOM/PELVIX/Bassin Bassin (Adulte)/Bassin  2.0mm std - 2/IM-0001-0016.dcm to database; Error: String not valid UTF-8
Could not save file /Users/sween/Desktop/DICOM/PELVIX/Bassin Bassin (Adulte)/Bassin  2.0mm std - 2/IM-0001-0015.dcm to database; Error: String not valid UTF-8
Could not save file /Users/sween/Desktop/DICOM/PELVIX/Bassin Bassin (Adulte)/Bassin  2.0mm std - 2/IM-0001-0014.dcm to database; Error: String not valid UTF-8
Could not save file /Users/sween/Desktop/DICOM/PELVIX/Bassin Bassin (Adulte)/Bassin  2.0mm std - 2/IM-0001-0013.dcm to database; Error: String not valid UTF-8
Could not save file /Users/sween/Desktop/DICOM/PELVIX/Bassin Bassin (Adulte)/Bassin  2.0mm std - 2/IM-0001-0012.dcm to database; Error: String not valid UTF-8
Could not save file /Users/sween/Desktop/DICOM/PELVIX/Bassin Bassin (Adulte)/Bassin  2.0mm std - 2/IM-0001-0011.dcm to database; Error: String not valid UTF-8
Could not save file /Users/sween/Desktop/DICOM/PELVIX/Bassin Bassin (Adulte)/Bassin  2.0mm std - 2/IM-0001-0010.dcm to database; Error: String not valid UTF-8
Could not save file /Users/sween/Desktop/DICOM/PELVIX/Bassin Bassin (Adulte)/Bassin  2.0mm std - 2/IM-0001-0009.dcm to database; Error: String not valid UTF-8
Could not save file /Users/sween/Desktop/DICOM/PELVIX/Bassin Bassin (Adulte)/Bassin  2.0mm std - 2/IM-0001-0008.dcm to database; Error: String not valid UTF-8
Could not save file /Users/sween/Desktop/DICOM/PELVIX/Bassin Bassin (Adulte)/Bassin  2.0mm std - 2/IM-0001-0007.dcm to database; Error: String not valid UTF-8
Could not save file /Users/sween/Desktop/DICOM/PELVIX/Bassin Bassin (Adulte)/Bassin  2.0mm std - 2/IM-0001-0006.dcm to database; Error: String not valid UTF-8
Could not save file /Users/sween/Desktop/DICOM/PELVIX/Bassin Bassin (Adulte)/Bassin  2.0mm std - 2/IM-0001-0005.dcm to database; Error: String not valid UTF-8
Could not save file /Users/sween/Desktop/DICOM/PELVIX/Bassin Bassin (Adulte)/Bassin  2.0mm std - 2/IM-0001-0004.dcm to database; Error: String not valid UTF-8
Could not save file /Users/sween/Desktop/DICOM/PELVIX/Bassin Bassin (Adulte)/Bassin  2.0mm std - 2/IM-0001-0003.dcm to database; Error: String not valid UTF-8
Could not save file /Users/sween/Desktop/DICOM/PELVIX/Bassin Bassin (Adulte)/Bassin  2.0mm std - 2/IM-0001-0002.dcm to database; Error: String not valid UTF-8
Could not save file /Users/sween/Desktop/DICOM/PELVIX/Bassin Bassin (Adulte)/Bassin  2.0mm std - 2/IM-0001-0001.dcm to database; Error: String not valid UTF-8
Could not save file /Users/sween/Desktop/DICOM/dicom-1/179.dcm to database; Error: String not valid UTF-8
Could not save file /Users/sween/Desktop/DICOM/CEREBRIX/PET PETCT_CTplusFET_LM_Brain (Adult)/PET FET Cerebral Uncorrected - 6/IM-0001-0081.dcm to database; Error: String not valid UTF-8
Could not save file /Users/sween/Desktop/DICOM/CEREBRIX/PET PETCT_CTplusFET_LM_Brain (Adult)/PET FET Cerebral Uncorrected - 6/IM-0001-0080.dcm to database; Error: String not valid UTF-8
Could not save file /Users/sween/Desktop/DICOM/CEREBRIX/PET PETCT_CTplusFET_LM_Brain (Adult)/PET FET Cerebral Uncorrected - 6/IM-0001-0079.dcm to database; Error: String not valid UTF-8
Could not save file /Users/sween/Desktop/DICOM/CEREBRIX/PET PETCT_CTplusFET_LM_Brain (Adult)/PET FET Cerebral Uncorrected - 6/IM-0001-0078.dcm to database; Error: String not valid UTF-8
Could not save file /Users/sween/Desktop/DICOM/CEREBRIX/PET PETCT_CTplusFET_LM_Brain (Adult)/PET FET Cerebral Uncorrected - 6/IM-0001-0077.dcm to database; Error: String not valid UTF-8
Could not save file /Users/sween/Desktop/DICOM/CEREBRIX/PET PETCT_CTplusFET_LM_Brain (Adult)/PET FET Cerebral Uncorrected - 6/IM-0001-0076.dcm to database; Error: String not valid UTF-8
Could not save file /Users/sween/Desktop/DICOM/CEREBRIX/PET PETCT_CTplusFET_LM_Brain (Adult)/PET FET Cerebral Uncorrected - 6/IM-0001-0075.dcm to database; Error: String not valid UTF-8
Could not save file /Users/sween/Desktop/DICOM/CEREBRIX/PET PETCT_CTplusFET_LM_Brain (Adult)/PET FET Cerebral Uncorrected - 6/IM-0001-0074.dcm to database; Error: String not valid UTF-8
Could not save file /Users/sween/Desktop/DICOM/CEREBRIX/PET PETCT_CTplusFET_LM_Brain (Adult)/PET FET Cerebral Uncorrected - 6/IM-0001-0073.dcm to database; Error: String not valid UTF-8
Could not save file /Users/sween/Desktop/DICOM/CEREBRIX/PET PETCT_CTplusFET_LM_Brain (Adult)/PET FET Cerebral Uncorrected - 6/IM-0001-0072.dcm to database; Error: String not valid UTF-8
Could not save file /Users/sween/Desktop/DICOM/CEREBRIX/PET PETCT_CTplusFET_LM_Brain (Adult)/PET FET Cerebral Uncorrected - 6/IM-0001-0071.dcm to database; Error: String not valid UTF-8
Could not save file /Users/sween/Desktop/DICOM/CEREBRIX/PET PETCT_CTplusFET_LM_Brain (Adult)/PET FET Cerebral Uncorrected - 6/IM-0001-0070.dcm to database; Error: String not valid UTF-8
Could not save file /Users/sween/Desktop/DICOM/CEREBRIX/PET PETCT_CTplusFET_LM_Brain (Adult)/PET FET Cerebral Uncorrected - 6/IM-0001-0069.dcm to database; Error: String not valid UTF-8
Could not save file /Users/sween/Desktop/DICOM/CEREBRIX/PET PETCT_CTplusFET_LM_Brain (Adult)/PET FET Cerebral Uncorrected - 6/IM-0001-0068.dcm to database; Error: String not valid UTF-8
Could not save file /Users/sween/Desktop/DICOM/CEREBRIX/PET PETCT_CTplusFET_LM_Brain (Adult)/PET FET Cerebral Uncorrected - 6/IM-0001-0067.dcm to database; Error: String not valid UTF-8
Could not save file /Users/sween/Desktop/DICOM/CEREBRIX/PET PETCT_CTplusFET_LM_Brain (Adult)/PET FET Cerebral Uncorrected - 6/IM-0001-0066.dcm to database; Error: String not valid UTF-8
Could not save file /Users/sween/Desktop/DICOM/CEREBRIX/PET PETCT_CTplusFET_LM_Brain (Adult)/PET FET Cerebral Uncorrected - 6/IM-0001-0065.dcm to database; Error: String not valid UTF-8
Could not save file /Users/sween/Desktop/DICOM/CEREBRIX/PET PETCT_CTplusFET_LM_Brain (Adult)/PET FET Cerebral Uncorrected - 6/IM-0001-0064.dcm to database; Error: String not valid UTF-8
Could not save file /Users/sween/Desktop/DICOM/CEREBRIX/PET PETCT_CTplusFET_LM_Brain (Adult)/PET FET Cerebral Uncorrected - 6/IM-0001-0063.dcm to database; Error: String not valid UTF-8
Could not save file /Users/sween/Desktop/DICOM/CEREBRIX/PET PETCT_CTplusFET_LM_Brain (Adult)/PET FET Cerebral Uncorrected - 6/IM-0001-0062.dcm to database; Error: String not valid UTF-8
Could not save file /Users/sween/Desktop/DICOM/CEREBRIX/PET PETCT_CTplusFET_LM_Brain (Adult)/PET FET Cerebral Uncorrected - 6/IM-0001-0061.dcm to database; Error: String not valid UTF-8
Could not save file /Users/sween/Desktop/DICOM/CEREBRIX/PET PETCT_CTplusFET_LM_Brain (Adult)/PET FET Cerebral Uncorrected - 6/IM-0001-0060.dcm to database; Error: String not valid UTF-8
Could not save file /Users/sween/Desktop/DICOM/CEREBRIX/PET PETCT_CTplusFET_LM_Brain (Adult)/PET FET Cerebral Uncorrected - 6/IM-0001-0059.dcm to database; Error: String not valid UTF-8
Could not save file /Users/sween/Desktop/DICOM/CEREBRIX/PET PETCT_CTplusFET_LM_Brain (Adult)/PET FET Cerebral Uncorrected - 6/IM-0001-0058.dcm to database; Error: String not valid UTF-8
Could not save file /Users/sween/Desktop/DICOM/CEREBRIX/PET PETCT_CTplusFET_LM_Brain (Adult)/PET FET Cerebral Uncorrected - 6/IM-0001-0057.dcm to database; Error: String not valid UTF-8
Could not save file /Users/sween/Desktop/DICOM/CEREBRIX/PET PETCT_CTplusFET_LM_Brain (Adult)/PET FET Cerebral Uncorrected - 6/IM-0001-0056.dcm to database; Error: String not valid UTF-8
Could not save file /Users/sween/Desktop/DICOM/CEREBRIX/PET PETCT_CTplusFET_LM_Brain (Adult)/PET FET Cerebral Uncorrected - 6/IM-0001-0055.dcm to database; Error: String not valid UTF-8
Could not save file /Users/sween/Desktop/DICOM/CEREBRIX/PET PETCT_CTplusFET_LM_Brain (Adult)/PET FET Cerebral Uncorrected - 6/IM-0001-0054.dcm to database; Error: String not valid UTF-8
Could not save file /Users/sween/Desktop/DICOM/CEREBRIX/PET PETCT_CTplusFET_LM_Brain (Adult)/PET FET Cerebral Uncorrected - 6/IM-0001-0053.dcm to database; Error: String not valid UTF-8
Could not save file /Users/sween/Desktop/DICOM/CEREBRIX/PET PETCT_CTplusFET_LM_Brain (Adult)/PET FET Cerebral Uncorrected - 6/IM-0001-0052.dcm to database; Error: String not valid UTF-8
Could not save file /Users/sween/Desktop/DICOM/CEREBRIX/PET PETCT_CTplusFET_LM_Brain (Adult)/PET FET Cerebral Uncorrected - 6/IM-0001-0051.dcm to database; Error: String not valid UTF-8
Could not save file /Users/sween/Desktop/DICOM/CEREBRIX/PET PETCT_CTplusFET_LM_Brain (Adult)/PET FET Cerebral Uncorrected - 6/IM-0001-0050.dcm to database; Error: String not valid UTF-8
Could not save file /Users/sween/Desktop/DICOM/CEREBRIX/PET PETCT_CTplusFET_LM_Brain (Adult)/PET FET Cerebral Uncorrected - 6/IM-0001-0049.dcm to database; Error: String not valid UTF-8
Could not save file /Users/sween/Desktop/DICOM/CEREBRIX/PET PETCT_CTplusFET_LM_Brain (Adult)/PET FET Cerebral Uncorrected - 6/IM-0001-0048.dcm to database; Error: String not valid UTF-8
Could not save file /Users/sween/Desktop/DICOM/CEREBRIX/PET PETCT_CTplusFET_LM_Brain (Adult)/PET FET Cerebral Uncorrected - 6/IM-0001-0047.dcm to database; Error: String not valid UTF-8
Could not save file /Users/sween/Desktop/DICOM/CEREBRIX/PET PETCT_CTplusFET_LM_Brain (Adult)/PET FET Cerebral Uncorrected - 6/IM-0001-0046.dcm to database; Error: String not valid UTF-8
Could not save file /Users/sween/Desktop/DICOM/CEREBRIX/PET PETCT_CTplusFET_LM_Brain (Adult)/PET FET Cerebral Uncorrected - 6/IM-0001-0045.dcm to database; Error: String not valid UTF-8
Could not save file /Users/sween/Desktop/DICOM/CEREBRIX/PET PETCT_CTplusFET_LM_Brain (Adult)/PET FET Cerebral Uncorrected - 6/IM-0001-0044.dcm to database; Error: String not valid UTF-8
Could not save file /Users/sween/Desktop/DICOM/CEREBRIX/PET PETCT_CTplusFET_LM_Brain (Adult)/PET FET Cerebral Uncorrected - 6/IM-0001-0043.dcm to database; Error: String not valid UTF-8
Could not save file /Users/sween/Desktop/DICOM/CEREBRIX/PET PETCT_CTplusFET_LM_Brain (Adult)/PET FET Cerebral Uncorrected - 6/IM-0001-0042.dcm to database; Error: String not valid UTF-8
Could not save file /Users/sween/Desktop/DICOM/CEREBRIX/PET PETCT_CTplusFET_LM_Brain (Adult)/PET FET Cerebral Uncorrected - 6/IM-0001-0041.dcm to database; Error: String not valid UTF-8
Could not save file /Users/sween/Desktop/DICOM/CEREBRIX/PET PETCT_CTplusFET_LM_Brain (Adult)/PET FET Cerebral Uncorrected - 6/IM-0001-0040.dcm to database; Error: String not valid UTF-8
Could not save file /Users/sween/Desktop/DICOM/CEREBRIX/PET PETCT_CTplusFET_LM_Brain (Adult)/PET FET Cerebral Uncorrected - 6/IM-0001-0039.dcm to database; Error: String not valid UTF-8
Could not save file /Users/sween/Desktop/DICOM/CEREBRIX/PET PETCT_CTplusFET_LM_Brain (Adult)/PET FET Cerebral Uncorrected - 6/IM-0001-0038.dcm to database; Error: String not valid UTF-8
Could not save file /Users/sween/Desktop/DICOM/CEREBRIX/PET PETCT_CTplusFET_LM_Brain (Adult)/PET FET Cerebral Uncorrected - 6/IM-0001-0037.dcm to database; Error: String not valid UTF-8
Could not save file /Users/sween/Desktop/DICOM/CEREBRIX/PET PETCT_CTplusFET_LM_Brain (Adult)/PET FET Cerebral Uncorrected - 6/IM-0001-0036.dcm to database; Error: String not valid UTF-8
Could not save file /Users/sween/Desktop/DICOM/CEREBRIX/PET PETCT_CTplusFET_LM_Brain (Adult)/PET FET Cerebral Uncorrected - 6/IM-0001-0035.dcm to database; Error: String not valid UTF-8
Could not save file /Users/sween/Desktop/DICOM/CEREBRIX/PET PETCT_CTplusFET_LM_Brain (Adult)/PET FET Cerebral Uncorrected - 6/IM-0001-0034.dcm to database; Error: String not valid UTF-8
Could not save file /Users/sween/Desktop/DICOM/CEREBRIX/PET PETCT_CTplusFET_LM_Brain (Adult)/PET FET Cerebral Uncorrected - 6/IM-0001-0033.dcm to database; Error: String not valid UTF-8
Could not save file /Users/sween/Desktop/DICOM/CEREBRIX/PET PETCT_CTplusFET_LM_Brain (Adult)/PET FET Cerebral Uncorrected - 6/IM-0001-0032.dcm to database; Error: String not valid UTF-8
Could not save file /Users/sween/Desktop/DICOM/CEREBRIX/PET PETCT_CTplusFET_LM_Brain (Adult)/PET FET Cerebral Uncorrected - 6/IM-0001-0031.dcm to database; Error: String not valid UTF-8
Could not save file /Users/sween/Desktop/DICOM/CEREBRIX/PET PETCT_CTplusFET_LM_Brain (Adult)/PET FET Cerebral Uncorrected - 6/IM-0001-0030.dcm to database; Error: String not valid UTF-8
Could not save file /Users/sween/Desktop/DICOM/CEREBRIX/PET PETCT_CTplusFET_LM_Brain (Adult)/PET FET Cerebral Uncorrected - 6/IM-0001-0029.dcm to database; Error: String not valid UTF-8
Could not save file /Users/sween/Desktop/DICOM/CEREBRIX/PET PETCT_CTplusFET_LM_Brain (Adult)/PET FET Cerebral Uncorrected - 6/IM-0001-0028.dcm to database; Error: String not valid UTF-8
Could not save file /Users/sween/Desktop/DICOM/CEREBRIX/PET PETCT_CTplusFET_LM_Brain (Adult)/PET FET Cerebral Uncorrected - 6/IM-0001-0027.dcm to database; Error: String not valid UTF-8
Could not save file /Users/sween/Desktop/DICOM/CEREBRIX/PET PETCT_CTplusFET_LM_Brain (Adult)/PET FET Cerebral Uncorrected - 6/IM-0001-0026.dcm to database; Error: String not valid UTF-8
Could not save file /Users/sween/Desktop/DICOM/CEREBRIX/PET PETCT_CTplusFET_LM_Brain (Adult)/PET FET Cerebral Uncorrected - 6/IM-0001-0025.dcm to database; Error: String not valid UTF-8
Could not save file /Users/sween/Desktop/DICOM/CEREBRIX/PET PETCT_CTplusFET_LM_Brain (Adult)/PET FET Cerebral Uncorrected - 6/IM-0001-0024.dcm to database; Error: String not valid UTF-8
Could not save file /Users/sween/Desktop/DICOM/CEREBRIX/PET PETCT_CTplusFET_LM_Brain (Adult)/PET FET Cerebral Uncorrected - 6/IM-0001-0023.dcm to database; Error: String not valid UTF-8
Could not save file /Users/sween/Desktop/DICOM/CEREBRIX/PET PETCT_CTplusFET_LM_Brain (Adult)/PET FET Cerebral Uncorrected - 6/IM-0001-0022.dcm to database; Error: String not valid UTF-8
Could not save file /Users/sween/Desktop/DICOM/CEREBRIX/PET PETCT_CTplusFET_LM_Brain (Adult)/PET FET Cerebral Uncorrected - 6/IM-0001-0021.dcm to database; Error: String not valid UTF-8
Could not save file /Users/sween/Desktop/DICOM/CEREBRIX/PET PETCT_CTplusFET_LM_Brain (Adult)/PET FET Cerebral Uncorrected - 6/IM-0001-0020.dcm to database; Error: String not valid UTF-8
Could not save file /Users/sween/Desktop/DICOM/CEREBRIX/PET PETCT_CTplusFET_LM_Brain (Adult)/PET FET Cerebral Uncorrected - 6/IM-0001-0019.dcm to database; Error: String not valid UTF-8
Could not save file /Users/sween/Desktop/DICOM/CEREBRIX/PET PETCT_CTplusFET_LM_Brain (Adult)/PET FET Cerebral Uncorrected - 6/IM-0001-0018.dcm to database; Error: String not valid UTF-8
Could not save file /Users/sween/Desktop/DICOM/CEREBRIX/PET PETCT_CTplusFET_LM_Brain (Adult)/PET FET Cerebral Uncorrected - 6/IM-0001-0017.dcm to database; Error: String not valid UTF-8
Could not save file /Users/sween/Desktop/DICOM/CEREBRIX/PET PETCT_CTplusFET_LM_Brain (Adult)/PET FET Cerebral Uncorrected - 6/IM-0001-0016.dcm to database; Error: String not valid UTF-8
Could not save file /Users/sween/Desktop/DICOM/CEREBRIX/PET PETCT_CTplusFET_LM_Brain (Adult)/PET FET Cerebral Uncorrected - 6/IM-0001-0015.dcm to database; Error: String not valid UTF-8
Could not save file /Users/sween/Desktop/DICOM/CEREBRIX/PET PETCT_CTplusFET_LM_Brain (Adult)/PET FET Cerebral Uncorrected - 6/IM-0001-0014.dcm to database; Error: String not valid UTF-8
Could not save file /Users/sween/Desktop/DICOM/CEREBRIX/PET PETCT_CTplusFET_LM_Brain (Adult)/PET FET Cerebral Uncorrected - 6/IM-0001-0013.dcm to database; Error: String not valid UTF-8
Could not save file /Users/sween/Desktop/DICOM/CEREBRIX/PET PETCT_CTplusFET_LM_Brain (Adult)/PET FET Cerebral Uncorrected - 6/IM-0001-0012.dcm to database; Error: String not valid UTF-8
Could not save file /Users/sween/Desktop/DICOM/CEREBRIX/PET PETCT_CTplusFET_LM_Brain (Adult)/PET FET Cerebral Uncorrected - 6/IM-0001-0011.dcm to database; Error: String not valid UTF-8
Could not save file /Users/sween/Desktop/DICOM/CEREBRIX/PET PETCT_CTplusFET_LM_Brain (Adult)/PET FET Cerebral Uncorrected - 6/IM-0001-0010.dcm to database; Error: String not valid UTF-8
Could not save file /Users/sween/Desktop/DICOM/CEREBRIX/PET PETCT_CTplusFET_LM_Brain (Adult)/PET FET Cerebral Uncorrected - 6/IM-0001-0009.dcm to database; Error: String not valid UTF-8
Could not save file /Users/sween/Desktop/DICOM/CEREBRIX/PET PETCT_CTplusFET_LM_Brain (Adult)/PET FET Cerebral Uncorrected - 6/IM-0001-0008.dcm to database; Error: String not valid UTF-8
Could not save file /Users/sween/Desktop/DICOM/CEREBRIX/PET PETCT_CTplusFET_LM_Brain (Adult)/PET FET Cerebral Uncorrected - 6/IM-0001-0007.dcm to database; Error: String not valid UTF-8
Could not save file /Users/sween/Desktop/DICOM/CEREBRIX/PET PETCT_CTplusFET_LM_Brain (Adult)/PET FET Cerebral Uncorrected - 6/IM-0001-0006.dcm to database; Error: String not valid UTF-8
Could not save file /Users/sween/Desktop/DICOM/CEREBRIX/PET PETCT_CTplusFET_LM_Brain (Adult)/PET FET Cerebral Uncorrected - 6/IM-0001-0005.dcm to database; Error: String not valid UTF-8
Could not save file /Users/sween/Desktop/DICOM/CEREBRIX/PET PETCT_CTplusFET_LM_Brain (Adult)/PET FET Cerebral Uncorrected - 6/IM-0001-0004.dcm to database; Error: String not valid UTF-8
Could not save file /Users/sween/Desktop/DICOM/CEREBRIX/PET PETCT_CTplusFET_LM_Brain (Adult)/PET FET Cerebral Uncorrected - 6/IM-0001-0003.dcm to database; Error: String not valid UTF-8
Could not save file /Users/sween/Desktop/DICOM/CEREBRIX/PET PETCT_CTplusFET_LM_Brain (Adult)/PET FET Cerebral Uncorrected - 6/IM-0001-0002.dcm to database; Error: String not valid UTF-8
Could not save file /Users/sween/Desktop/DICOM/CEREBRIX/PET PETCT_CTplusFET_LM_Brain (Adult)/PET FET Cerebral Uncorrected - 6/IM-0001-0001.dcm to database; Error: String not valid UTF-8
Could not save file /Users/sween/Desktop/DICOM/CEREBRIX/PET PETCT_CTplusFET_LM_Brain (Adult)/PET FET Cerebral - 5/IM-0001-0082.dcm to database; Error: String not valid UTF-8
Could not save file /Users/sween/Desktop/DICOM/CEREBRIX/PET PETCT_CTplusFET_LM_Brain (Adult)/PET FET Cerebral - 5/IM-0001-0081.dcm to database; Error: String not valid UTF-8
Could not save file /Users/sween/Desktop/DICOM/CEREBRIX/PET PETCT_CTplusFET_LM_Brain (Adult)/PET FET Cerebral - 5/IM-0001-0080.dcm to database; Error: String not valid UTF-8
Could not save file /Users/sween/Desktop/DICOM/CEREBRIX/PET PETCT_CTplusFET_LM_Brain (Adult)/PET FET Cerebral - 5/IM-0001-0079.dcm to database; Error: String not valid UTF-8
Could not save file /Users/sween/Desktop/DICOM/CEREBRIX/PET PETCT_CTplusFET_LM_Brain (Adult)/PET FET Cerebral - 5/IM-0001-0078.dcm to database; Error: String not valid UTF-8
Could not save file /Users/sween/Desktop/DICOM/CEREBRIX/PET PETCT_CTplusFET_LM_Brain (Adult)/PET FET Cerebral - 5/IM-0001-0077.dcm to database; Error: String not valid UTF-8
Could not save file /Users/sween/Desktop/DICOM/CEREBRIX/PET PETCT_CTplusFET_LM_Brain (Adult)/PET FET Cerebral - 5/IM-0001-0076.dcm to database; Error: String not valid UTF-8
Could not save file /Users/sween/Desktop/DICOM/CEREBRIX/PET PETCT_CTplusFET_LM_Brain (Adult)/PET FET Cerebral - 5/IM-0001-0075.dcm to database; Error: String not valid UTF-8
Could not save file /Users/sween/Desktop/DICOM/CEREBRIX/PET PETCT_CTplusFET_LM_Brain (Adult)/PET FET Cerebral - 5/IM-0001-0074.dcm to database; Error: String not valid UTF-8
Could not save file /Users/sween/Desktop/DICOM/CEREBRIX/PET PETCT_CTplusFET_LM_Brain (Adult)/PET FET Cerebral - 5/IM-0001-0073.dcm to database; Error: String not valid UTF-8
Could not save file /Users/sween/Desktop/DICOM/CEREBRIX/PET PETCT_CTplusFET_LM_Brain (Adult)/PET FET Cerebral - 5/IM-0001-0072.dcm to database; Error: String not valid UTF-8
Could not save file /Users/sween/Desktop/DICOM/CEREBRIX/PET PETCT_CTplusFET_LM_Brain (Adult)/PET FET Cerebral - 5/IM-0001-0071.dcm to database; Error: String not valid UTF-8
Could not save file /Users/sween/Desktop/DICOM/CEREBRIX/PET PETCT_CTplusFET_LM_Brain (Adult)/PET FET Cerebral - 5/IM-0001-0070.dcm to database; Error: String not valid UTF-8
Could not save file /Users/sween/Desktop/DICOM/CEREBRIX/PET PETCT_CTplusFET_LM_Brain (Adult)/PET FET Cerebral - 5/IM-0001-0069.dcm to database; Error: String not valid UTF-8
Could not save file /Users/sween/Desktop/DICOM/CEREBRIX/PET PETCT_CTplusFET_LM_Brain (Adult)/PET FET Cerebral - 5/IM-0001-0068.dcm to database; Error: String not valid UTF-8
Could not save file /Users/sween/Desktop/DICOM/CEREBRIX/PET PETCT_CTplusFET_LM_Brain (Adult)/PET FET Cerebral - 5/IM-0001-0067.dcm to database; Error: String not valid UTF-8
Could not save file /Users/sween/Desktop/DICOM/CEREBRIX/PET PETCT_CTplusFET_LM_Brain (Adult)/PET FET Cerebral - 5/IM-0001-0066.dcm to database; Error: String not valid UTF-8
Could not save file /Users/sween/Desktop/DICOM/CEREBRIX/PET PETCT_CTplusFET_LM_Brain (Adult)/PET FET Cerebral - 5/IM-0001-0065.dcm to database; Error: String not valid UTF-8
Could not save file /Users/sween/Desktop/DICOM/CEREBRIX/PET PETCT_CTplusFET_LM_Brain (Adult)/PET FET Cerebral - 5/IM-0001-0064.dcm to database; Error: String not valid UTF-8
Could not save file /Users/sween/Desktop/DICOM/CEREBRIX/PET PETCT_CTplusFET_LM_Brain (Adult)/PET FET Cerebral - 5/IM-0001-0063.dcm to database; Error: String not valid UTF-8
Could not save file /Users/sween/Desktop/DICOM/CEREBRIX/PET PETCT_CTplusFET_LM_Brain (Adult)/PET FET Cerebral - 5/IM-0001-0062.dcm to database; Error: String not valid UTF-8
Could not save file /Users/sween/Desktop/DICOM/CEREBRIX/PET PETCT_CTplusFET_LM_Brain (Adult)/PET FET Cerebral - 5/IM-0001-0061.dcm to database; Error: String not valid UTF-8
Could not save file /Users/sween/Desktop/DICOM/CEREBRIX/PET PETCT_CTplusFET_LM_Brain (Adult)/PET FET Cerebral - 5/IM-0001-0060.dcm to database; Error: String not valid UTF-8
Could not save file /Users/sween/Desktop/DICOM/CEREBRIX/PET PETCT_CTplusFET_LM_Brain (Adult)/PET FET Cerebral - 5/IM-0001-0059.dcm to database; Error: String not valid UTF-8
Could not save file /Users/sween/Desktop/DICOM/CEREBRIX/PET PETCT_CTplusFET_LM_Brain (Adult)/PET FET Cerebral - 5/IM-0001-0058.dcm to database; Error: String not valid UTF-8
Could not save file /Users/sween/Desktop/DICOM/CEREBRIX/PET PETCT_CTplusFET_LM_Brain (Adult)/PET FET Cerebral - 5/IM-0001-0057.dcm to database; Error: String not valid UTF-8
Could not save file /Users/sween/Desktop/DICOM/CEREBRIX/PET PETCT_CTplusFET_LM_Brain (Adult)/PET FET Cerebral - 5/IM-0001-0056.dcm to database; Error: String not valid UTF-8
Could not save file /Users/sween/Desktop/DICOM/CEREBRIX/PET PETCT_CTplusFET_LM_Brain (Adult)/PET FET Cerebral - 5/IM-0001-0055.dcm to database; Error: String not valid UTF-8
Could not save file /Users/sween/Desktop/DICOM/CEREBRIX/PET PETCT_CTplusFET_LM_Brain (Adult)/PET FET Cerebral - 5/IM-0001-0054.dcm to database; Error: String not valid UTF-8
Could not save file /Users/sween/Desktop/DICOM/CEREBRIX/PET PETCT_CTplusFET_LM_Brain (Adult)/PET FET Cerebral - 5/IM-0001-0053.dcm to database; Error: String not valid UTF-8
Could not save file /Users/sween/Desktop/DICOM/CEREBRIX/PET PETCT_CTplusFET_LM_Brain (Adult)/PET FET Cerebral - 5/IM-0001-0052.dcm to database; Error: String not valid UTF-8
Could not save file /Users/sween/Desktop/DICOM/CEREBRIX/PET PETCT_CTplusFET_LM_Brain (Adult)/PET FET Cerebral - 5/IM-0001-0051.dcm to database; Error: String not valid UTF-8
Could not save file /Users/sween/Desktop/DICOM/CEREBRIX/PET PETCT_CTplusFET_LM_Brain (Adult)/PET FET Cerebral - 5/IM-0001-0050.dcm to database; Error: String not valid UTF-8
Could not save file /Users/sween/Desktop/DICOM/CEREBRIX/PET PETCT_CTplusFET_LM_Brain (Adult)/PET FET Cerebral - 5/IM-0001-0049.dcm to database; Error: String not valid UTF-8
Could not save file /Users/sween/Desktop/DICOM/CEREBRIX/PET PETCT_CTplusFET_LM_Brain (Adult)/PET FET Cerebral - 5/IM-0001-0048.dcm to database; Error: String not valid UTF-8
Could not save file /Users/sween/Desktop/DICOM/CEREBRIX/PET PETCT_CTplusFET_LM_Brain (Adult)/PET FET Cerebral - 5/IM-0001-0047.dcm to database; Error: String not valid UTF-8
Could not save file /Users/sween/Desktop/DICOM/CEREBRIX/PET PETCT_CTplusFET_LM_Brain (Adult)/PET FET Cerebral - 5/IM-0001-0046.dcm to database; Error: String not valid UTF-8
Could not save file /Users/sween/Desktop/DICOM/CEREBRIX/PET PETCT_CTplusFET_LM_Brain (Adult)/PET FET Cerebral - 5/IM-0001-0045.dcm to database; Error: String not valid UTF-8
Could not save file /Users/sween/Desktop/DICOM/CEREBRIX/PET PETCT_CTplusFET_LM_Brain (Adult)/PET FET Cerebral - 5/IM-0001-0044.dcm to database; Error: String not valid UTF-8
Could not save file /Users/sween/Desktop/DICOM/CEREBRIX/PET PETCT_CTplusFET_LM_Brain (Adult)/PET FET Cerebral - 5/IM-0001-0043.dcm to database; Error: String not valid UTF-8
Could not save file /Users/sween/Desktop/DICOM/CEREBRIX/PET PETCT_CTplusFET_LM_Brain (Adult)/PET FET Cerebral - 5/IM-0001-0042.dcm to database; Error: String not valid UTF-8
Could not save file /Users/sween/Desktop/DICOM/CEREBRIX/PET PETCT_CTplusFET_LM_Brain (Adult)/PET FET Cerebral - 5/IM-0001-0041.dcm to database; Error: String not valid UTF-8
Could not save file /Users/sween/Desktop/DICOM/CEREBRIX/PET PETCT_CTplusFET_LM_Brain (Adult)/PET FET Cerebral - 5/IM-0001-0040.dcm to database; Error: String not valid UTF-8
Could not save file /Users/sween/Desktop/DICOM/CEREBRIX/PET PETCT_CTplusFET_LM_Brain (Adult)/PET FET Cerebral - 5/IM-0001-0039.dcm to database; Error: String not valid UTF-8
Could not save file /Users/sween/Desktop/DICOM/CEREBRIX/PET PETCT_CTplusFET_LM_Brain (Adult)/PET FET Cerebral - 5/IM-0001-0038.dcm to database; Error: String not valid UTF-8
Could not save file /Users/sween/Desktop/DICOM/CEREBRIX/PET PETCT_CTplusFET_LM_Brain (Adult)/PET FET Cerebral - 5/IM-0001-0037.dcm to database; Error: String not valid UTF-8
Could not save file /Users/sween/Desktop/DICOM/CEREBRIX/PET PETCT_CTplusFET_LM_Brain (Adult)/PET FET Cerebral - 5/IM-0001-0036.dcm to database; Error: String not valid UTF-8
Could not save file /Users/sween/Desktop/DICOM/CEREBRIX/PET PETCT_CTplusFET_LM_Brain (Adult)/PET FET Cerebral - 5/IM-0001-0035.dcm to database; Error: String not valid UTF-8
Could not save file /Users/sween/Desktop/DICOM/CEREBRIX/PET PETCT_CTplusFET_LM_Brain (Adult)/PET FET Cerebral - 5/IM-0001-0034.dcm to database; Error: String not valid UTF-8
Could not save file /Users/sween/Desktop/DICOM/CEREBRIX/PET PETCT_CTplusFET_LM_Brain (Adult)/PET FET Cerebral - 5/IM-0001-0033.dcm to database; Error: String not valid UTF-8
Could not save file /Users/sween/Desktop/DICOM/CEREBRIX/PET PETCT_CTplusFET_LM_Brain (Adult)/PET FET Cerebral - 5/IM-0001-0032.dcm to database; Error: String not valid UTF-8
Could not save file /Users/sween/Desktop/DICOM/CEREBRIX/PET PETCT_CTplusFET_LM_Brain (Adult)/PET FET Cerebral - 5/IM-0001-0031.dcm to database; Error: String not valid UTF-8
Could not save file /Users/sween/Desktop/DICOM/CEREBRIX/PET PETCT_CTplusFET_LM_Brain (Adult)/PET FET Cerebral - 5/IM-0001-0030.dcm to database; Error: String not valid UTF-8
Could not save file /Users/sween/Desktop/DICOM/CEREBRIX/PET PETCT_CTplusFET_LM_Brain (Adult)/PET FET Cerebral - 5/IM-0001-0029.dcm to database; Error: String not valid UTF-8
Could not save file /Users/sween/Desktop/DICOM/CEREBRIX/PET PETCT_CTplusFET_LM_Brain (Adult)/PET FET Cerebral - 5/IM-0001-0028.dcm to database; Error: String not valid UTF-8
Could not save file /Users/sween/Desktop/DICOM/CEREBRIX/PET PETCT_CTplusFET_LM_Brain (Adult)/PET FET Cerebral - 5/IM-0001-0027.dcm to database; Error: String not valid UTF-8
Could not save file /Users/sween/Desktop/DICOM/CEREBRIX/PET PETCT_CTplusFET_LM_Brain (Adult)/PET FET Cerebral - 5/IM-0001-0026.dcm to database; Error: String not valid UTF-8
Could not save file /Users/sween/Desktop/DICOM/CEREBRIX/PET PETCT_CTplusFET_LM_Brain (Adult)/PET FET Cerebral - 5/IM-0001-0025.dcm to database; Error: String not valid UTF-8
Could not save file /Users/sween/Desktop/DICOM/CEREBRIX/PET PETCT_CTplusFET_LM_Brain (Adult)/PET FET Cerebral - 5/IM-0001-0024.dcm to database; Error: String not valid UTF-8
Could not save file /Users/sween/Desktop/DICOM/CEREBRIX/PET PETCT_CTplusFET_LM_Brain (Adult)/PET FET Cerebral - 5/IM-0001-0023.dcm to database; Error: String not valid UTF-8
Could not save file /Users/sween/Desktop/DICOM/CEREBRIX/PET PETCT_CTplusFET_LM_Brain (Adult)/PET FET Cerebral - 5/IM-0001-0022.dcm to database; Error: String not valid UTF-8
Could not save file /Users/sween/Desktop/DICOM/CEREBRIX/PET PETCT_CTplusFET_LM_Brain (Adult)/PET FET Cerebral - 5/IM-0001-0021.dcm to database; Error: String not valid UTF-8
Could not save file /Users/sween/Desktop/DICOM/CEREBRIX/PET PETCT_CTplusFET_LM_Brain (Adult)/PET FET Cerebral - 5/IM-0001-0020.dcm to database; Error: String not valid UTF-8
Could not save file /Users/sween/Desktop/DICOM/CEREBRIX/PET PETCT_CTplusFET_LM_Brain (Adult)/PET FET Cerebral - 5/IM-0001-0019.dcm to database; Error: String not valid UTF-8
Could not save file /Users/sween/Desktop/DICOM/CEREBRIX/PET PETCT_CTplusFET_LM_Brain (Adult)/PET FET Cerebral - 5/IM-0001-0018.dcm to database; Error: String not valid UTF-8
Could not save file /Users/sween/Desktop/DICOM/CEREBRIX/PET PETCT_CTplusFET_LM_Brain (Adult)/PET FET Cerebral - 5/IM-0001-0017.dcm to database; Error: String not valid UTF-8
Could not save file /Users/sween/Desktop/DICOM/CEREBRIX/PET PETCT_CTplusFET_LM_Brain (Adult)/PET FET Cerebral - 5/IM-0001-0016.dcm to database; Error: String not valid UTF-8
Could not save file /Users/sween/Desktop/DICOM/CEREBRIX/PET PETCT_CTplusFET_LM_Brain (Adult)/PET FET Cerebral - 5/IM-0001-0015.dcm to database; Error: String not valid UTF-8
Could not save file /Users/sween/Desktop/DICOM/CEREBRIX/PET PETCT_CTplusFET_LM_Brain (Adult)/PET FET Cerebral - 5/IM-0001-0014.dcm to database; Error: String not valid UTF-8
Could not save file /Users/sween/Desktop/DICOM/CEREBRIX/PET PETCT_CTplusFET_LM_Brain (Adult)/PET FET Cerebral - 5/IM-0001-0013.dcm to database; Error: String not valid UTF-8
Could not save file /Users/sween/Desktop/DICOM/CEREBRIX/PET PETCT_CTplusFET_LM_Brain (Adult)/PET FET Cerebral - 5/IM-0001-0012.dcm to database; Error: String not valid UTF-8
Could not save file /Users/sween/Desktop/DICOM/CEREBRIX/PET PETCT_CTplusFET_LM_Brain (Adult)/PET FET Cerebral - 5/IM-0001-0011.dcm to database; Error: String not valid UTF-8
Could not save file /Users/sween/Desktop/DICOM/CEREBRIX/PET PETCT_CTplusFET_LM_Brain (Adult)/PET FET Cerebral - 5/IM-0001-0010.dcm to database; Error: String not valid UTF-8
Could not save file /Users/sween/Desktop/DICOM/CEREBRIX/PET PETCT_CTplusFET_LM_Brain (Adult)/PET FET Cerebral - 5/IM-0001-0009.dcm to database; Error: String not valid UTF-8
Could not save file /Users/sween/Desktop/DICOM/CEREBRIX/PET PETCT_CTplusFET_LM_Brain (Adult)/PET FET Cerebral - 5/IM-0001-0008.dcm to database; Error: String not valid UTF-8
